TN:
SF:index.js
FN:16,(anonymous_0)
FN:21,(anonymous_1)
FNF:2
FNH:1
FNDA:0,(anonymous_0)
FNDA:1,(anonymous_1)
DA:1,1
DA:2,1
DA:3,1
DA:5,1
DA:6,1
DA:7,1
DA:10,1
DA:13,1
DA:16,1
DA:17,0
DA:21,1
DA:22,1
LF:12
LH:11
BRDA:3,0,0,1
BRDA:3,0,1,1
BRF:2
BRH:2
end_of_record
TN:
SF:controller\userCreateCtrl.js
FN:16,(anonymous_0)
FN:29,(anonymous_1)
FN:46,(anonymous_2)
FN:58,(anonymous_3)
FNF:4
FNH:2
FNDA:1,(anonymous_0)
FNDA:0,(anonymous_1)
FNDA:1,(anonymous_2)
FNDA:0,(anonymous_3)
DA:1,1
DA:2,1
DA:16,1
DA:17,1
DA:19,1
DA:20,0
DA:24,0
DA:29,1
DA:30,0
DA:31,0
DA:32,0
DA:34,0
DA:36,0
DA:40,0
DA:46,1
DA:47,1
DA:49,1
DA:50,0
DA:54,0
DA:58,1
DA:59,0
DA:60,0
DA:61,0
DA:65,0
DA:71,1
LF:25
LH:11
BRF:0
BRH:0
end_of_record
TN:
SF:controller\userDeleteCtrl.js
FN:6,(anonymous_0)
FN:25,(anonymous_1)
FN:49,(anonymous_2)
FN:74,(anonymous_3)
FNF:4
FNH:3
FNDA:0,(anonymous_0)
FNDA:2,(anonymous_1)
FNDA:2,(anonymous_2)
FNDA:2,(anonymous_3)
DA:1,1
DA:2,1
DA:4,1
DA:6,1
DA:7,0
DA:11,0
DA:16,0
DA:17,0
DA:19,0
DA:25,1
DA:26,2
DA:28,2
DA:34,2
DA:39,2
DA:40,2
DA:42,0
DA:49,1
DA:50,2
DA:52,2
DA:60,2
DA:65,2
DA:66,2
DA:68,0
DA:74,1
DA:75,2
DA:77,2
DA:85,2
DA:90,2
DA:91,2
DA:93,0
DA:101,1
LF:31
LH:23
BRDA:16,0,0,0
BRDA:16,0,1,0
BRDA:39,1,0,2
BRDA:39,1,1,0
BRDA:65,2,0,2
BRDA:65,2,1,0
BRDA:90,3,0,2
BRDA:90,3,1,0
BRF:8
BRH:3
end_of_record
TN:
SF:controller\userGetCtrl.js
FN:6,(anonymous_0)
FN:17,(anonymous_1)
FN:37,(anonymous_2)
FN:57,(anonymous_3)
FNF:4
FNH:4
FNDA:1,(anonymous_0)
FNDA:1,(anonymous_1)
FNDA:1,(anonymous_2)
FNDA:1,(anonymous_3)
DA:1,1
DA:2,1
DA:4,1
DA:6,1
DA:7,1
DA:9,1
DA:13,1
DA:17,1
DA:18,1
DA:20,1
DA:28,1
DA:32,1
DA:37,1
DA:38,1
DA:40,1
DA:48,1
DA:52,1
DA:57,1
DA:58,1
DA:60,1
DA:68,1
DA:72,1
DA:78,1
LF:23
LH:23
BRF:0
BRH:0
end_of_record
TN:
SF:controller\userUpdateCtrl.js
FN:5,(anonymous_0)
FN:25,(anonymous_1)
FN:48,(anonymous_2)
FN:71,(anonymous_3)
FN:96,(anonymous_4)
FN:118,(anonymous_5)
FN:140,(anonymous_6)
FNF:7
FNH:6
FNDA:1,(anonymous_0)
FNDA:1,(anonymous_1)
FNDA:1,(anonymous_2)
FNDA:1,(anonymous_3)
FNDA:1,(anonymous_4)
FNDA:1,(anonymous_5)
FNDA:0,(anonymous_6)
DA:1,1
DA:3,1
DA:5,1
DA:6,1
DA:7,1
DA:9,1
DA:15,1
DA:20,1
DA:25,1
DA:26,1
DA:27,1
DA:29,1
DA:35,1
DA:43,1
DA:48,1
DA:49,1
DA:50,1
DA:52,1
DA:58,1
DA:66,1
DA:71,1
DA:72,1
DA:73,1
DA:75,1
DA:81,1
DA:89,1
DA:96,1
DA:97,1
DA:98,1
DA:100,1
DA:106,1
DA:114,1
DA:118,1
DA:119,1
DA:120,1
DA:122,1
DA:128,1
DA:136,1
DA:140,1
DA:141,0
DA:142,0
DA:144,0
DA:150,0
DA:158,0
DA:165,1
LF:45
LH:40
BRF:0
BRH:0
end_of_record
TN:
SF:routes\index.js
FNF:0
FNH:0
DA:1,1
DA:2,1
DA:4,1
DA:5,1
DA:6,1
DA:7,1
DA:10,1
DA:11,1
DA:12,1
DA:13,1
DA:15,1
LF:11
LH:11
BRF:0
BRH:0
end_of_record
TN:
SF:routes\routers\delete.js
FNF:0
FNH:0
DA:1,1
DA:2,1
DA:4,1
DA:12,1
DA:13,1
DA:14,1
DA:15,1
DA:17,1
LF:8
LH:8
BRF:0
BRH:0
end_of_record
TN:
SF:routes\routers\get.js
FNF:0
FNH:0
DA:1,1
DA:2,1
DA:3,1
DA:4,1
DA:15,1
DA:16,1
DA:17,1
DA:18,1
DA:20,1
LF:9
LH:9
BRF:0
BRH:0
end_of_record
TN:
SF:routes\routers\post.js
FNF:0
FNH:0
DA:1,1
DA:2,1
DA:4,1
DA:14,1
DA:15,1
DA:16,1
DA:17,1
DA:19,1
LF:8
LH:8
BRF:0
BRH:0
end_of_record
TN:
SF:routes\routers\update.js
FNF:0
FNH:0
DA:1,1
DA:2,1
DA:4,1
DA:12,1
DA:13,1
DA:15,1
DA:16,1
DA:18,1
DA:19,1
DA:20,1
DA:23,1
LF:11
LH:11
BRF:0
BRH:0
end_of_record
TN:
SF:src\database\index.js
FN:10,(anonymous_0)
FN:13,(anonymous_1)
FN:25,(anonymous_2)
FNF:3
FNH:2
FNDA:1,(anonymous_0)
FNDA:0,(anonymous_1)
FNDA:1,(anonymous_2)
DA:1,1
DA:2,1
DA:9,1
DA:11,1
DA:14,0
DA:18,1
DA:19,1
DA:20,1
DA:22,1
DA:24,1
DA:26,1
DA:30,1
LF:12
LH:11
BRF:0
BRH:0
end_of_record
TN:
SF:src\model\user.js
FN:2,(anonymous_0)
FNF:1
FNH:1
FNDA:1,(anonymous_0)
DA:2,1
DA:3,1
DA:19,1
LF:3
LH:3
BRF:0
BRH:0
end_of_record
